{"C:\\Users\\Sohila\\Desktop\\netflix-clone-devsecops-mirror\\src\\components\\Sample.tsx": {"path":"C:\\Users\\Sohila\\Desktop\\netflix-clone-devsecops-mirror\\src\\components\\Sample.tsx","statementMap":{"0":{"start":{"line":1,"column":0},"end":{"line":1,"column":24}},"1":{"start":{"line":2,"column":2},"end":{"line":2,"column":32}}},"fnMap":{"0":{"name":"Sample","decl":{"start":{"line":1,"column":24},"end":{"line":1,"column":30}},"loc":{"start":{"line":1,"column":30},"end":{"line":3,"column":1}}}},"branchMap":{},"s":{"0":1,"1":1},"f":{"0":1},"b":{}}
}
